<?xml version="1.0" encoding="UTF-8"?>
<!-- Generated by org.testng.reporters.JUnitReportReporter -->
<testsuite skipped="0" hostname="LAPTOP-SNG10N7O" name="samplemaven.Test1" tests="1" failures="0" timestamp="12 Aug 2018 14:31:40 GMT" time="0.008" errors="0">
  <testcase name="f" time="0.008" classname="samplemaven.Test1"/>
</testsuite> <!-- samplemaven.Test1 -->
